2020-07-22T17:59:06: start of mqtt script
2020-07-22T17:59:06: connected flag  false
2020-07-22T17:59:06: end of mqtt script
2020-07-22T17:59:06: connected  true
2020-07-22T17:59:06: Successfully connected to the database
2020-07-22T17:59:51: start of mqtt script
2020-07-22T17:59:51: connected flag  false
2020-07-22T17:59:51: end of mqtt script
2020-07-22T17:59:51: connected  true
2020-07-22T17:59:51: Successfully connected to the database
2020-07-22T18:00:15: start of mqtt script
2020-07-22T18:00:15: connected flag  false
2020-07-22T18:00:15: end of mqtt script
2020-07-22T18:00:15: connected  true
2020-07-22T18:00:15: Successfully connected to the database
2020-07-22T18:00:34: start of mqtt script
2020-07-22T18:00:34: connected flag  false
2020-07-22T18:00:34: end of mqtt script
2020-07-22T18:00:34: connected  true
2020-07-22T18:00:34: Successfully connected to the database
2020-07-22T18:00:44: start of mqtt script
2020-07-22T18:00:44: connected flag  false
2020-07-22T18:00:44: end of mqtt script
2020-07-22T18:00:46: start of mqtt script
2020-07-22T18:00:46: connected flag  false
2020-07-22T18:00:46: end of mqtt script
2020-07-22T18:00:47: start of mqtt script
2020-07-22T18:00:47: connected flag  false
2020-07-22T18:00:47: end of mqtt script
2020-07-22T18:00:49: start of mqtt script
2020-07-22T18:00:49: connected flag  false
2020-07-22T18:00:49: end of mqtt script
2020-07-22T18:00:51: start of mqtt script
2020-07-22T18:00:51: connected flag  false
2020-07-22T18:00:51: end of mqtt script
2020-07-22T18:00:52: start of mqtt script
2020-07-22T18:00:52: connected flag  false
2020-07-22T18:00:52: end of mqtt script
2020-07-22T18:00:53: start of mqtt script
2020-07-22T18:00:53: connected flag  false
2020-07-22T18:00:53: end of mqtt script
2020-07-22T18:00:55: start of mqtt script
2020-07-22T18:00:55: connected flag  false
2020-07-22T18:00:55: end of mqtt script
2020-07-22T18:00:56: start of mqtt script
2020-07-22T18:00:56: connected flag  false
2020-07-22T18:00:56: end of mqtt script
2020-07-22T18:00:57: start of mqtt script
2020-07-22T18:00:57: connected flag  false
2020-07-22T18:00:57: end of mqtt script
2020-07-22T18:00:58: start of mqtt script
2020-07-22T18:00:58: connected flag  false
2020-07-22T18:00:58: end of mqtt script
2020-07-22T18:00:59: start of mqtt script
2020-07-22T18:00:59: connected flag  false
2020-07-22T18:00:59: end of mqtt script
2020-07-22T18:01:01: start of mqtt script
2020-07-22T18:01:01: connected flag  false
2020-07-22T18:01:01: end of mqtt script
2020-07-22T18:01:03: start of mqtt script
2020-07-22T18:01:03: connected flag  false
2020-07-22T18:01:03: end of mqtt script
2020-07-22T18:01:05: start of mqtt script
2020-07-22T18:01:05: connected flag  false
2020-07-22T18:01:05: end of mqtt script
2020-07-22T18:01:06: start of mqtt script
2020-07-22T18:01:06: connected flag  false
2020-07-22T18:01:06: end of mqtt script
2020-07-22T18:01:08: start of mqtt script
2020-07-22T18:01:08: connected flag  false
2020-07-22T18:01:08: end of mqtt script
2020-07-22T18:01:09: start of mqtt script
2020-07-22T18:01:09: connected flag  false
2020-07-22T18:01:09: end of mqtt script
2020-07-22T18:01:34: start of mqtt script
2020-07-22T18:01:34: connected flag  false
2020-07-22T18:01:34: end of mqtt script
2020-07-22T18:01:36: start of mqtt script
2020-07-22T18:01:36: connected flag  false
2020-07-22T18:01:36: end of mqtt script
2020-07-22T18:01:38: start of mqtt script
2020-07-22T18:01:38: connected flag  false
2020-07-22T18:01:38: end of mqtt script
2020-07-22T18:01:39: start of mqtt script
2020-07-22T18:01:39: connected flag  false
2020-07-22T18:01:39: end of mqtt script
2020-07-22T18:01:40: start of mqtt script
2020-07-22T18:01:40: connected flag  false
2020-07-22T18:01:40: end of mqtt script
2020-07-22T18:01:41: start of mqtt script
2020-07-22T18:01:41: connected flag  false
2020-07-22T18:01:41: end of mqtt script
2020-07-22T18:01:41: connected  true
2020-07-22T18:01:43: start of mqtt script
2020-07-22T18:01:43: connected flag  false
2020-07-22T18:01:43: end of mqtt script
2020-07-22T18:01:44: start of mqtt script
2020-07-22T18:01:44: connected flag  false
2020-07-22T18:01:44: end of mqtt script
2020-07-22T18:01:45: start of mqtt script
2020-07-22T18:01:45: connected flag  false
2020-07-22T18:01:45: end of mqtt script
2020-07-22T18:01:46: start of mqtt script
2020-07-22T18:01:46: connected flag  false
2020-07-22T18:01:46: end of mqtt script
2020-07-22T18:01:47: start of mqtt script
2020-07-22T18:01:47: connected flag  false
2020-07-22T18:01:47: end of mqtt script
2020-07-22T18:01:49: start of mqtt script
2020-07-22T18:01:49: connected flag  false
2020-07-22T18:01:49: end of mqtt script
2020-07-22T18:01:50: start of mqtt script
2020-07-22T18:01:50: connected flag  false
2020-07-22T18:01:50: end of mqtt script
2020-07-22T18:01:52: start of mqtt script
2020-07-22T18:01:52: connected flag  false
2020-07-22T18:01:52: end of mqtt script
2020-07-22T18:01:54: start of mqtt script
2020-07-22T18:01:54: connected flag  false
2020-07-22T18:01:54: end of mqtt script
2020-07-22T18:01:54: connected  true
2020-07-22T18:01:54: Successfully connected to the database
2020-07-22T18:01:55: start of mqtt script
2020-07-22T18:01:55: connected flag  false
2020-07-22T18:01:55: end of mqtt script
2020-07-22T18:01:57: start of mqtt script
2020-07-22T18:01:57: connected flag  false
2020-07-22T18:01:57: end of mqtt script
2020-07-22T18:01:58: start of mqtt script
2020-07-22T18:01:58: connected flag  false
2020-07-22T18:01:58: end of mqtt script
2020-07-22T18:02:00: start of mqtt script
2020-07-22T18:02:00: connected flag  false
2020-07-22T18:02:00: end of mqtt script
2020-07-22T18:02:01: start of mqtt script
2020-07-22T18:02:01: connected flag  false
2020-07-22T18:02:01: end of mqtt script
2020-07-22T18:02:04: start of mqtt script
2020-07-22T18:02:04: connected flag  false
2020-07-22T18:02:04: end of mqtt script
2020-07-22T18:02:06: start of mqtt script
2020-07-22T18:02:06: connected flag  false
2020-07-22T18:02:06: end of mqtt script
2020-07-22T18:02:08: start of mqtt script
2020-07-22T18:02:08: connected flag  false
2020-07-22T18:02:08: end of mqtt script
2020-07-22T18:02:09: start of mqtt script
2020-07-22T18:02:09: connected flag  false
2020-07-22T18:02:09: end of mqtt script
2020-07-22T18:02:11: start of mqtt script
2020-07-22T18:02:11: connected flag  false
2020-07-22T18:02:11: end of mqtt script
2020-07-22T18:02:12: start of mqtt script
2020-07-22T18:02:12: connected flag  false
2020-07-22T18:02:12: end of mqtt script
2020-07-22T18:02:12: connected  true
2020-07-22T18:02:14: start of mqtt script
2020-07-22T18:02:14: connected flag  false
2020-07-22T18:02:14: end of mqtt script
2020-07-22T18:02:15: start of mqtt script
2020-07-22T18:02:15: connected flag  false
2020-07-22T18:02:15: end of mqtt script
2020-07-22T18:02:16: start of mqtt script
2020-07-22T18:02:16: connected flag  false
2020-07-22T18:02:16: end of mqtt script
2020-07-22T18:02:18: start of mqtt script
2020-07-22T18:02:18: connected flag  false
2020-07-22T18:02:18: end of mqtt script
2020-07-22T18:02:20: start of mqtt script
2020-07-22T18:02:20: connected flag  false
2020-07-22T18:02:20: end of mqtt script
2020-07-22T18:02:21: start of mqtt script
2020-07-22T18:02:21: connected flag  false
2020-07-22T18:02:21: end of mqtt script
2020-07-22T18:02:23: start of mqtt script
2020-07-22T18:02:23: connected flag  false
2020-07-22T18:02:23: end of mqtt script
2020-07-22T18:02:25: start of mqtt script
2020-07-22T18:02:25: connected flag  false
2020-07-22T18:02:25: end of mqtt script
2020-07-22T18:02:26: start of mqtt script
2020-07-22T18:02:26: connected flag  false
2020-07-22T18:02:26: end of mqtt script
2020-07-22T18:02:28: start of mqtt script
2020-07-22T18:02:28: connected flag  false
2020-07-22T18:02:28: end of mqtt script
2020-07-22T18:02:30: start of mqtt script
2020-07-22T18:02:30: connected flag  false
2020-07-22T18:02:30: end of mqtt script
2020-07-22T18:02:31: start of mqtt script
2020-07-22T18:02:31: connected flag  false
2020-07-22T18:02:31: end of mqtt script
2020-07-22T18:02:33: start of mqtt script
2020-07-22T18:02:33: connected flag  false
2020-07-22T18:02:33: end of mqtt script
2020-07-22T18:02:34: start of mqtt script
2020-07-22T18:02:34: connected flag  false
2020-07-22T18:02:34: end of mqtt script
2020-07-22T18:02:36: start of mqtt script
2020-07-22T18:02:36: connected flag  false
2020-07-22T18:02:36: end of mqtt script
2020-07-22T18:02:37: start of mqtt script
2020-07-22T18:02:37: connected flag  false
2020-07-22T18:02:37: end of mqtt script
2020-07-22T18:02:39: start of mqtt script
2020-07-22T18:02:39: connected flag  false
2020-07-22T18:02:39: end of mqtt script
2020-07-22T18:02:41: start of mqtt script
2020-07-22T18:02:41: connected flag  false
2020-07-22T18:02:41: end of mqtt script
2020-07-22T18:02:42: start of mqtt script
2020-07-22T18:02:42: connected flag  false
2020-07-22T18:02:42: end of mqtt script
2020-07-22T18:02:43: start of mqtt script
2020-07-22T18:02:43: connected flag  false
2020-07-22T18:02:43: end of mqtt script
2020-07-22T18:02:45: start of mqtt script
2020-07-22T18:02:45: connected flag  false
2020-07-22T18:02:45: end of mqtt script
2020-07-22T18:02:46: start of mqtt script
2020-07-22T18:02:46: connected flag  false
2020-07-22T18:02:46: end of mqtt script
2020-07-22T18:02:48: start of mqtt script
2020-07-22T18:02:48: connected flag  false
2020-07-22T18:02:48: end of mqtt script
2020-07-22T18:02:49: start of mqtt script
2020-07-22T18:02:49: connected flag  false
2020-07-22T18:02:49: end of mqtt script
2020-07-22T18:02:50: start of mqtt script
2020-07-22T18:02:50: connected flag  false
2020-07-22T18:02:50: end of mqtt script
2020-07-22T18:02:51: start of mqtt script
2020-07-22T18:02:51: connected flag  false
2020-07-22T18:02:51: end of mqtt script
2020-07-22T18:02:52: start of mqtt script
2020-07-22T18:02:52: connected flag  false
2020-07-22T18:02:52: end of mqtt script
2020-07-22T18:02:54: start of mqtt script
2020-07-22T18:02:54: connected flag  false
2020-07-22T18:02:54: end of mqtt script
2020-07-22T18:02:55: start of mqtt script
2020-07-22T18:02:55: connected flag  false
2020-07-22T18:02:55: end of mqtt script
2020-07-22T18:02:56: start of mqtt script
2020-07-22T18:02:56: connected flag  false
2020-07-22T18:02:56: end of mqtt script
2020-07-22T18:02:58: start of mqtt script
2020-07-22T18:02:58: connected flag  false
2020-07-22T18:02:58: end of mqtt script
2020-07-22T18:03:00: start of mqtt script
2020-07-22T18:03:00: connected flag  false
2020-07-22T18:03:00: end of mqtt script
2020-07-22T18:03:01: start of mqtt script
2020-07-22T18:03:01: connected flag  false
2020-07-22T18:03:01: end of mqtt script
2020-07-22T18:03:03: start of mqtt script
2020-07-22T18:03:03: connected flag  false
2020-07-22T18:03:03: end of mqtt script
2020-07-22T18:03:04: start of mqtt script
2020-07-22T18:03:04: connected flag  false
2020-07-22T18:03:04: end of mqtt script
2020-07-22T18:03:06: start of mqtt script
2020-07-22T18:03:06: connected flag  false
2020-07-22T18:03:06: end of mqtt script
2020-07-22T18:03:07: start of mqtt script
2020-07-22T18:03:07: connected flag  false
2020-07-22T18:03:07: end of mqtt script
2020-07-22T18:03:09: start of mqtt script
2020-07-22T18:03:09: connected flag  false
2020-07-22T18:03:09: end of mqtt script
2020-07-22T18:03:10: start of mqtt script
2020-07-22T18:03:10: connected flag  false
2020-07-22T18:03:10: end of mqtt script
2020-07-22T18:03:12: start of mqtt script
2020-07-22T18:03:12: connected flag  false
2020-07-22T18:03:12: end of mqtt script
2020-07-22T18:03:13: start of mqtt script
2020-07-22T18:03:13: connected flag  false
2020-07-22T18:03:13: end of mqtt script
2020-07-22T18:03:14: start of mqtt script
2020-07-22T18:03:14: connected flag  false
2020-07-22T18:03:14: end of mqtt script
2020-07-22T18:03:15: start of mqtt script
2020-07-22T18:03:15: connected flag  false
2020-07-22T18:03:15: end of mqtt script
2020-07-22T18:03:17: start of mqtt script
2020-07-22T18:03:17: connected flag  false
2020-07-22T18:03:17: end of mqtt script
2020-07-22T18:03:18: start of mqtt script
2020-07-22T18:03:18: connected flag  false
2020-07-22T18:03:18: end of mqtt script
